{
  "timestamp": "2023-10-30 10:17:16.532903",
  "device_info": {
    "serial_number": "AB8APUFTUA0gMDBH",
    "model": "0",
    "git_hash": "9d0856b0b594823f99a7952db23b1eb7f2679e7f",
    "git_dirty": false,
    "git_timestamp": 1687441110,
    "uuid": "6de6194c-633a-45e0-82ea-400aedec8eab"
  },
  "calibration": {
    "invert": false,
    "phase_invert": false,
    "poles": 28,
    "offset": [
      2.7602572305035724,
      2.7475422178720397,
      2.732798383592522,
      2.748647912732223,
      2.7204228242002713,
      2.7274285500045408,
      2.7627499303924195,
      2.7357608139420155,
      2.7271595050276396,
      2.7429330475562295,
      2.7309290008047014,
      2.7554704555422878,
      2.7518141522893225,
      2.7180743603762574,
      2.7317815764414948,
      2.752497825397957,
      2.726604312554725,
      2.740743888288981,
      2.749311773050191,
      2.7499043255545312,
      2.7825846595109613,
      2.7906671920035895,
      2.774182032907916,
      2.8026220913143614,
      2.817244542133542,
      2.805557656392581,
      2.8306002706768694,
      2.8519773154102928,
      2.844003453252398,
      2.8692415210650988,
      2.8636487384800975,
      2.8436756156817884,
      2.873517127293459,
      2.8590383122520384,
      2.83450076929251,
      2.8511015850502974,
      2.8331859360671467,
      2.8354380367052876,
      2.8466626935879384,
      2.8120781894822495,
      2.8042860721392877,
      2.826548006410951,
      2.794502304969069,
      2.7936410888242458,
      2.7852297550438836,
      2.7526614287734796,
      2.7596385367509653,
      2.7748489641637146,
      2.7368462389949695,
      2.7480338080356868,
      2.742351810214418,
      2.726943554726244,
      2.7395684164627205,
      2.7317038116179133,
      2.703449343796171,
      2.722932136685358,
      2.731995549919929,
      2.722425579384702,
      2.730918953484694,
      2.734186537942681,
      2.7329726050355974,
      2.761006248281044,
      2.7533089471136294,
      2.737077245444792
    ]
  },
  "winding_resistance": 0.039973667709632205,
  "inductance": 1.2396661410487858e-05,
  "pid_dq_kp": 0.007789052083245747,
  "pid_dq_ki": 25.116196162724012,
  "torque_bw_hz": 100.0,
  "encoder_filter_bw_hz": 200.0,
  "encoder_filter_kp": 2513.2741228718346,
  "encoder_filter_ki": 1579136.7041742974,
  "v_per_hz": 0.09029027320611034,
  "kv": 332.26170366676627,
  "unwrapped_position_scale": 1.0
}
